<?xml version="1.0" encoding="UTF-8"?>
<testng-results skipped="0" failed="0" ignored="0" total="1" passed="1">
  <reporter-output>
  </reporter-output>
  <suite name="Default suite" duration-ms="34591" started-at="2018-03-14T11:58:16Z" finished-at="2018-03-14T11:58:51Z">
    <groups>
    </groups>
    <test name="Default test" duration-ms="34591" started-at="2018-03-14T11:58:16Z" finished-at="2018-03-14T11:58:51Z">
      <class name="testcases.VerifySignUP">
        <test-method status="PASS" signature="setUp()[pri:0, instance:testcases.VerifySignUP@735b5592]" name="setUp" is-config="true" duration-ms="9728" started-at="2018-03-14T17:28:16Z" finished-at="2018-03-14T17:28:26Z">
          <reporter-output>
          </reporter-output>
        </test-method> <!-- setUp -->
        <test-method status="PASS" signature="TestSignUp()[pri:0, instance:testcases.VerifySignUP@735b5592]" name="TestSignUp" duration-ms="23231" started-at="2018-03-14T17:28:26Z" finished-at="2018-03-14T17:28:49Z">
          <reporter-output>
          </reporter-output>
        </test-method> <!-- TestSignUp -->
        <test-method status="PASS" signature="tearDown()[pri:0, instance:testcases.VerifySignUP@735b5592]" name="tearDown" is-config="true" duration-ms="1585" started-at="2018-03-14T17:28:49Z" finished-at="2018-03-14T17:28:51Z">
          <reporter-output>
          </reporter-output>
        </test-method> <!-- tearDown -->
      </class> <!-- testcases.VerifySignUP -->
    </test> <!-- Default test -->
  </suite> <!-- Default suite -->
</testng-results>
